Using pre-set license
Built from '2020.3/staging' branch; Version is '2020.3.11f1 (99c7afb366b3) revision 10078127'; Using compiler version '192528614'; Build Type 'Release'
OS: 'Windows 10 Home; OS build 19042.1052; Version 2009; 64bit' Language: 'en' Physical Memory: 32697 MB
BatchMode: 1, IsHumanControllingUs: 0, StartBugReporterOnCrash: 0, Is64bit: 1, IsPro: 0

 COMMAND LINE ARGUMENTS:
C:\Program Files\UnityEditors\2020.3.11f1\Editor\Unity.exe
-adb2
-batchMode
-noUpm
-name
AssetImportWorker0
-projectPath
D:/Documents/GitHub/GMTK2021/GMTK2021_game
-logFile
Logs/AssetImportWorker0.log
-srvPort
53626
Successfully changed project path to: D:/Documents/GitHub/GMTK2021/GMTK2021_game
D:/Documents/GitHub/GMTK2021/GMTK2021_game
Using Asset Import Pipeline V2.
Refreshing native plugins compatible for Editor in 34.50 ms, found 2 plugins.
Preloading 0 native plugins for Editor in 0.00 ms.
Initialize engine version: 2020.3.11f1 (99c7afb366b3)
[Subsystems] Discovering subsystems at path C:/Program Files/UnityEditors/2020.3.11f1/Editor/Data/Resources/UnitySubsystems
[Subsystems] Discovering subsystems at path D:/Documents/GitHub/GMTK2021/GMTK2021_game/Assets
GfxDevice: creating device client; threaded=0
Direct3D:
    Version:  Direct3D 11.0 [level 11.1]
    Renderer: NVIDIA GeForce RTX 2060 SUPER (ID=0x1f06)
    Vendor:   
    VRAM:     8031 MB
    Driver:   27.21.14.6677
Initialize mono
Mono path[0] = 'C:/Program Files/UnityEditors/2020.3.11f1/Editor/Data/Managed'
Mono path[1] = 'C:/Program Files/UnityEditors/2020.3.11f1/Editor/Data/MonoBleedingEdge/lib/mono/unityjit'
Mono config path = 'C:/Program Files/UnityEditors/2020.3.11f1/Editor/Data/MonoBleedingEdge/etc'
Using monoOptions --debugger-agent=transport=dt_socket,embedding=1,server=y,suspend=n,address=127.0.0.1:56640
Begin MonoManager ReloadAssembly
Registering precompiled unity dll's ...
Register platform support module: C:/Program Files/UnityEditors/2020.3.11f1/Editor/Data/PlaybackEngines/WindowsStandaloneSupport/UnityEditor.WindowsStandalone.Extensions.dll
Registered in 0.002798 seconds.
Native extension for WindowsStandalone target not found
Refreshing native plugins compatible for Editor in 32.24 ms, found 2 plugins.
Preloading 0 native plugins for Editor in 0.00 ms.
Mono: successfully reloaded assembly
- Completed reload, in  1.448 seconds
Platform modules already initialized, skipping
Registering precompiled user dll's ...
Registered in 0.004633 seconds.
Begin MonoManager ReloadAssembly
Native extension for WindowsStandalone target not found
Refreshing native plugins compatible for Editor in 0.49 ms, found 2 plugins.
Preloading 0 native plugins for Editor in 0.00 ms.
Mono: successfully reloaded assembly
- Completed reload, in  1.287 seconds
Platform modules already initialized, skipping
========================================================================
Worker process is ready to serve import requests
Launched and connected shader compiler UnityShaderCompiler.exe after 0.19 seconds
Refreshing native plugins compatible for Editor in 0.50 ms, found 2 plugins.
Preloading 0 native plugins for Editor in 0.00 ms.
Unloading 1387 Unused Serialized files (Serialized files now loaded: 0)
System memory in use before: 64.7 MB.
System memory in use after: 64.7 MB.

Unloading 19 unused Assets to reduce memory usage. Loaded Objects now: 1819.
Total: 2.831400 ms (FindLiveObjects: 0.247800 ms CreateObjectMapping: 0.049600 ms MarkObjects: 2.417100 ms  DeleteObjects: 0.115200 ms)

========================================================================
Received Import Request.
  path: Assets/Scripts/CameraControl.cs
  artifactKey: Guid(2657bda5ab2ce2d48bfa71ed2f0ba9a9) Importer(815301076,1909f56bfc062723c751e8b465ee728b)
Start importing Assets/Scripts/CameraControl.cs using Guid(2657bda5ab2ce2d48bfa71ed2f0ba9a9) Importer(815301076,1909f56bfc062723c751e8b465ee728b)  -> (artifact id: '05c813a2e5f66e073ac7e2c49567cbc9') in 0.052028 seconds
  Import took 0.055379 seconds .

========================================================================
Received Prepare
Registering precompiled user dll's ...
Registered in 0.004686 seconds.
Begin MonoManager ReloadAssembly
Native extension for WindowsStandalone target not found
Refreshing native plugins compatible for Editor in 0.41 ms, found 2 plugins.
Preloading 0 native plugins for Editor in 0.00 ms.
Mono: successfully reloaded assembly
- Completed reload, in  1.120 seconds
Platform modules already initialized, skipping
Refreshing native plugins compatible for Editor in 0.43 ms, found 2 plugins.
Preloading 0 native plugins for Editor in 0.00 ms.
Unloading 1382 Unused Serialized files (Serialized files now loaded: 0)
System memory in use before: 64.6 MB.
System memory in use after: 64.7 MB.

Unloading 14 unused Assets to reduce memory usage. Loaded Objects now: 1822.
Total: 2.188000 ms (FindLiveObjects: 0.260100 ms CreateObjectMapping: 0.040800 ms MarkObjects: 1.820600 ms  DeleteObjects: 0.064900 ms)

========================================================================
Received Import Request.
  Time since last request: 409.700670 seconds.
  path: Assets/Art/Ship.png
  artifactKey: Guid(8571509c879455643b97fa9f3b196d24) Importer(815301076,1909f56bfc062723c751e8b465ee728b)
Start importing Assets/Art/Ship.png using Guid(8571509c879455643b97fa9f3b196d24) Importer(815301076,1909f56bfc062723c751e8b465ee728b)  -> (artifact id: '1e6154b06a3beaff661abf5c460eded6') in 0.167267 seconds
  Import took 0.170128 seconds .

========================================================================
Received Import Request.
  Time since last request: 17.836861 seconds.
  path: Assets/Art/Ship.png
  artifactKey: Guid(8571509c879455643b97fa9f3b196d24) Importer(815301076,1909f56bfc062723c751e8b465ee728b)
Start importing Assets/Art/Ship.png using Guid(8571509c879455643b97fa9f3b196d24) Importer(815301076,1909f56bfc062723c751e8b465ee728b)  -> (artifact id: '297f4c23695f790f7fb2dad848a44c30') in 0.010065 seconds
  Import took 0.013443 seconds .

========================================================================
Received Import Request.
  Time since last request: 0.011642 seconds.
  path: Assets/Art/Ship.png
  artifactKey: Guid(8571509c879455643b97fa9f3b196d24) Importer(815301076,1909f56bfc062723c751e8b465ee728b)
Start importing Assets/Art/Ship.png using Guid(8571509c879455643b97fa9f3b196d24) Importer(815301076,1909f56bfc062723c751e8b465ee728b)  -> (artifact id: '297f4c23695f790f7fb2dad848a44c30') in 0.008395 seconds
  Import took 0.011451 seconds .

========================================================================
Received Import Request.
  Time since last request: 43.718007 seconds.
  path: Assets/Art/Ship.png
  artifactKey: Guid(8571509c879455643b97fa9f3b196d24) Importer(815301076,1909f56bfc062723c751e8b465ee728b)
Start importing Assets/Art/Ship.png using Guid(8571509c879455643b97fa9f3b196d24) Importer(815301076,1909f56bfc062723c751e8b465ee728b)  -> (artifact id: 'b148a6d8ec9e63bb2f32b95ccca51f03') in 0.008457 seconds
  Import took 0.011218 seconds .

========================================================================
Received Import Request.
  Time since last request: 0.007345 seconds.
  path: Assets/Art/Ship.png
  artifactKey: Guid(8571509c879455643b97fa9f3b196d24) Importer(815301076,1909f56bfc062723c751e8b465ee728b)
Start importing Assets/Art/Ship.png using Guid(8571509c879455643b97fa9f3b196d24) Importer(815301076,1909f56bfc062723c751e8b465ee728b)  -> (artifact id: 'b148a6d8ec9e63bb2f32b95ccca51f03') in 0.007683 seconds
  Import took 0.011000 seconds .

========================================================================
Received Prepare
Registering precompiled user dll's ...
Registered in 0.004429 seconds.
Begin MonoManager ReloadAssembly
Native extension for WindowsStandalone target not found
Refreshing native plugins compatible for Editor in 0.37 ms, found 2 plugins.
Preloading 0 native plugins for Editor in 0.00 ms.
Mono: successfully reloaded assembly
- Completed reload, in  1.113 seconds
Platform modules already initialized, skipping
Refreshing native plugins compatible for Editor in 0.37 ms, found 2 plugins.
Preloading 0 native plugins for Editor in 0.00 ms.
Unloading 1382 Unused Serialized files (Serialized files now loaded: 0)
System memory in use before: 67.7 MB.
System memory in use after: 67.8 MB.

Unloading 14 unused Assets to reduce memory usage. Loaded Objects now: 1831.
Total: 2.087400 ms (FindLiveObjects: 0.169700 ms CreateObjectMapping: 0.038700 ms MarkObjects: 1.817800 ms  DeleteObjects: 0.060000 ms)

========================================================================
Received Import Request.
  Time since last request: 220.541211 seconds.
  path: Assets/Scripts/CameraControl.cs
  artifactKey: Guid(2657bda5ab2ce2d48bfa71ed2f0ba9a9) Importer(815301076,1909f56bfc062723c751e8b465ee728b)
Start importing Assets/Scripts/CameraControl.cs using Guid(2657bda5ab2ce2d48bfa71ed2f0ba9a9) Importer(815301076,1909f56bfc062723c751e8b465ee728b)  -> (artifact id: '05f21a399d3754b610d3dd7dee0c8aa8') in 0.007955 seconds
  Import took 0.010570 seconds .

========================================================================
Received Prepare
Registering precompiled user dll's ...
Registered in 0.005056 seconds.
Begin MonoManager ReloadAssembly
Native extension for WindowsStandalone target not found
Refreshing native plugins compatible for Editor in 0.39 ms, found 2 plugins.
Preloading 0 native plugins for Editor in 0.00 ms.
Mono: successfully reloaded assembly
- Completed reload, in  1.145 seconds
Platform modules already initialized, skipping
Refreshing native plugins compatible for Editor in 0.37 ms, found 2 plugins.
Preloading 0 native plugins for Editor in 0.00 ms.
Unloading 1382 Unused Serialized files (Serialized files now loaded: 0)
System memory in use before: 67.8 MB.
System memory in use after: 67.8 MB.

Unloading 14 unused Assets to reduce memory usage. Loaded Objects now: 1834.
Total: 2.506600 ms (FindLiveObjects: 0.179600 ms CreateObjectMapping: 0.036800 ms MarkObjects: 2.216200 ms  DeleteObjects: 0.072600 ms)

========================================================================
Received Prepare
Registering precompiled user dll's ...
Registered in 0.005940 seconds.
Begin MonoManager ReloadAssembly
Native extension for WindowsStandalone target not found
Refreshing native plugins compatible for Editor in 0.60 ms, found 2 plugins.
Preloading 0 native plugins for Editor in 0.00 ms.
Mono: successfully reloaded assembly
- Completed reload, in  1.154 seconds
Platform modules already initialized, skipping
Refreshing native plugins compatible for Editor in 0.42 ms, found 2 plugins.
Preloading 0 native plugins for Editor in 0.00 ms.
Unloading 1382 Unused Serialized files (Serialized files now loaded: 0)
System memory in use before: 67.8 MB.
System memory in use after: 67.8 MB.

Unloading 14 unused Assets to reduce memory usage. Loaded Objects now: 1837.
Total: 2.444900 ms (FindLiveObjects: 0.194000 ms CreateObjectMapping: 0.038900 ms MarkObjects: 2.140800 ms  DeleteObjects: 0.069100 ms)

